<?xml version="1.0" encoding="UTF-8"?>
<beans xmlns="http://www.springframework.org/schema/beans"
       xmlns:xsi="http://www.w3.org/2001/XMLSchema-instance"
       xmlns:context="http://www.springframework.org/schema/context"
       xmlns:aop="http://www.springframework.org/schema/aop"
       xmlns:tx="http://www.springframework.org/schema/tx"
       xsi:schemaLocation="
        http://www.springframework.org/schema/aop http://www.springframework.org/schema/aop/spring-aop.xsd
        http://www.springframework.org/schema/beans http://www.springframework.org/schema/beans/spring-beans.xsd
        http://www.springframework.org/schema/tx http://www.springframework.org/schema/tx/spring-tx.xsd
        http://www.springframework.org/schema/context http://www.springframework.org/schema/context/spring-context.xsd">

    <import resource="classpath:META-INF/spring/wscq-service.xml"/>
    <context:property-placeholder location="classpath*:/META-INF/spring/*.properties"/>

    <!--<import resource="classpath*:META-INF/spring/wscq-search.xml"/>-->
    <!--<import resource="classpath*:META-INF/spring/**/*-codelist.xml"/>-->


    <!-- dozer:一种javaBean转换工具, 良好的简化了对象数据传输使用get和set的方式 -->
    <!--<bean class="org.dozer.spring.DozerBeanMapperFactoryBean">-->
        <!--<property name="mappingFiles" value="classpath*:/META-INF/dozer/**/*-mapping.xml"/>-->
    <!--</bean>-->
    <!-- Message -->
    <bean id="messageSource" class="org.springframework.context.support.ResourceBundleMessageSource">
        <property name="basenames">
            <list>
                <!--suppress SpringModelInspection -->
                <value>i18n/application-messages</value>
                <!--<value>i18n/service-messages</value>-->
            </list>
        </property>
        <property name="defaultEncoding" value="UTF-8"/>
    </bean>

    <!-- Exception Logger. -->
    <bean id="exceptionLogger" class="org.terasoluna.gfw.common.exception.ExceptionLogger">
        <property name="exceptionCodeResolver" ref="exceptionCodeResolver"/>
    </bean>
    <!-- Exception Code Resolver. -->
    <bean id="exceptionCodeResolver" class="org.terasoluna.gfw.common.exception.SimpleMappingExceptionCodeResolver">
        <!-- Setting and Customization by project. -->
        <property name="exceptionMappings">
            <map>
                <entry key="ResourceNotFoundException" value="e.xx.fw.5001"/>
                <entry key="InvalidTransactionTokenException" value="e.xx.fw.7001"/>
                <entry key="BusinessException" value="e.xx.fw.8001"/>
                <entry key=".DataAccessException" value="e.xx.fw.9002"/>
            </map>
        </property>
        <property name="defaultExceptionCode" value="e.xx.fw.9001"/>
    </bean>

</beans>